<?xml version="1.0" encoding="UTF-8"?>
<testng-results ignored="0" total="4" passed="4" failed="0" skipped="0">
  <reporter-output>
  </reporter-output>
  <suite started-at="2026-04-21T20:45:40 IST" name="Suite" finished-at="2026-04-21T20:45:56 IST" duration-ms="15467">
    <groups>
    </groups>
    <test started-at="2026-04-21T20:45:40 IST" name="Test" finished-at="2026-04-21T20:45:56 IST" duration-ms="15467">
      <class name="Qafox.Login">
        <test-method is-config="true" signature="beforeMethod()[pri:0, instance:Qafox.Login@3fc2959f]" started-at="2026-04-21T20:45:41 IST" name="beforeMethod" finished-at="2026-04-21T20:45:43 IST" duration-ms="2370" status="PASS">
          <reporter-output>
          </reporter-output>
        </test-method> <!-- beforeMethod -->
        <test-method signature="InvalidsearchTest(java.lang.String)[pri:0, instance:Qafox.Login@3fc2959f]" started-at="2026-04-21T20:45:43 IST" name="InvalidsearchTest" finished-at="2026-04-21T20:45:43 IST" duration-ms="492" status="PASS">
          <params>
            <param index="0">
              <value>
                <![CDATA[orange]]>
              </value>
            </param>
          </params>
          <reporter-output>
          </reporter-output>
        </test-method> <!-- InvalidsearchTest -->
        <test-method is-config="true" signature="afterMethod()[pri:0, instance:Qafox.Login@3fc2959f]" started-at="2026-04-21T20:45:43 IST" name="afterMethod" finished-at="2026-04-21T20:45:44 IST" duration-ms="172" status="PASS">
          <reporter-output>
          </reporter-output>
        </test-method> <!-- afterMethod -->
        <test-method is-config="true" signature="beforeMethod()[pri:0, instance:Qafox.Login@3fc2959f]" started-at="2026-04-21T20:45:44 IST" name="beforeMethod" finished-at="2026-04-21T20:45:47 IST" duration-ms="2543" status="PASS">
          <reporter-output>
          </reporter-output>
        </test-method> <!-- beforeMethod -->
        <test-method signature="invalidLoginTest(java.lang.String,java.lang.String)[pri:0, instance:Qafox.Login@3fc2959f]" started-at="2026-04-21T20:45:47 IST" name="invalidLoginTest" data-provider="InvalidData" finished-at="2026-04-21T20:45:49 IST" duration-ms="2663" status="PASS">
          <params>
            <param index="0">
              <value>
                <![CDATA[muhindhar]]>
              </value>
            </param>
            <param index="1">
              <value>
                <![CDATA[dontknow]]>
              </value>
            </param>
          </params>
          <reporter-output>
          </reporter-output>
        </test-method> <!-- invalidLoginTest -->
        <test-method is-config="true" signature="afterMethod()[pri:0, instance:Qafox.Login@3fc2959f]" started-at="2026-04-21T20:45:49 IST" name="afterMethod" finished-at="2026-04-21T20:45:49 IST" duration-ms="177" status="PASS">
          <reporter-output>
          </reporter-output>
        </test-method> <!-- afterMethod -->
        <test-method is-config="true" signature="beforeMethod()[pri:0, instance:Qafox.Login@3fc2959f]" started-at="2026-04-21T20:45:49 IST" name="beforeMethod" finished-at="2026-04-21T20:45:51 IST" duration-ms="1801" status="PASS">
          <reporter-output>
          </reporter-output>
        </test-method> <!-- beforeMethod -->
        <test-method signature="searchTest(java.lang.String)[pri:0, instance:Qafox.Login@3fc2959f]" started-at="2026-04-21T20:45:51 IST" name="searchTest" finished-at="2026-04-21T20:45:52 IST" duration-ms="409" status="PASS">
          <params>
            <param index="0">
              <value>
                <![CDATA[iMac]]>
              </value>
            </param>
          </params>
          <reporter-output>
          </reporter-output>
        </test-method> <!-- searchTest -->
        <test-method is-config="true" signature="afterMethod()[pri:0, instance:Qafox.Login@3fc2959f]" started-at="2026-04-21T20:45:52 IST" name="afterMethod" finished-at="2026-04-21T20:45:52 IST" duration-ms="133" status="PASS">
          <reporter-output>
          </reporter-output>
        </test-method> <!-- afterMethod -->
        <test-method is-config="true" signature="beforeMethod()[pri:0, instance:Qafox.Login@3fc2959f]" started-at="2026-04-21T20:45:52 IST" name="beforeMethod" finished-at="2026-04-21T20:45:54 IST" duration-ms="1717" status="PASS">
          <reporter-output>
          </reporter-output>
        </test-method> <!-- beforeMethod -->
        <test-method signature="validLoginTest(java.lang.String,java.lang.String)[pri:0, instance:Qafox.Login@3fc2959f]" started-at="2026-04-21T20:45:54 IST" name="validLoginTest" data-provider="validData" finished-at="2026-04-21T20:45:56 IST" duration-ms="2231" status="PASS">
          <params>
            <param index="0">
              <value>
                <![CDATA[muhi@gmail.com]]>
              </value>
            </param>
            <param index="1">
              <value>
                <![CDATA[muhi1234]]>
              </value>
            </param>
          </params>
          <reporter-output>
          </reporter-output>
        </test-method> <!-- validLoginTest -->
        <test-method is-config="true" signature="afterMethod()[pri:0, instance:Qafox.Login@3fc2959f]" started-at="2026-04-21T20:45:56 IST" name="afterMethod" finished-at="2026-04-21T20:45:56 IST" duration-ms="135" status="PASS">
          <reporter-output>
          </reporter-output>
        </test-method> <!-- afterMethod -->
      </class> <!-- Qafox.Login -->
    </test> <!-- Test -->
  </suite> <!-- Suite -->
</testng-results>
