<?xml version="1.0" encoding="UTF-8"?>
<!-- Generated by org.testng.reporters.JUnitReportReporter -->
<testsuite hostname="Muhindhar" failures="0" tests="4" name="Qafox.Login" time="14.843" errors="0" timestamp="2026-04-21T20:45:56 IST" skipped="0">
  <testcase classname="Qafox.Login" name="searchTest" time="2.298"/>
  <testcase classname="Qafox.Login" name="InvalidsearchTest" time="3.212"/>
  <testcase classname="Qafox.Login" name="invalidLoginTest" time="5.166"/>
  <testcase classname="Qafox.Login" name="validLoginTest" time="4.167"/>
</testsuite> <!-- Qafox.Login -->
