<?xml version="1.0" encoding="UTF-8"?>
<!-- Generated by org.testng.reporters.JUnitXMLReporter -->
<testsuite ignored="0" hostname="Muhindhar" failures="0" tests="4" name="Test" time="15.467" errors="0" timestamp="2026-04-21T20:45:56 IST">
  <testcase classname="Qafox.Login" name="InvalidsearchTest" time="0.492"/>
  <testcase classname="Qafox.Login" name="invalidLoginTest" time="2.663"/>
  <testcase classname="Qafox.Login" name="searchTest" time="0.409"/>
  <testcase classname="Qafox.Login" name="validLoginTest" time="2.231"/>
</testsuite> <!-- Test -->
